===================================================== test session starts ======================================================
platform linux -- Python 3.11.12, pytest-8.4.1, pluggy-1.6.0 -- /root/.pyenv/versions/3.11.12/bin/python
cachedir: .pytest_cache
rootdir: /workspace/pdfqanda
configfile: pyproject.toml
plugins: anyio-4.11.0
collecting ... collected 4 items

tests/test_ingest_ask.py::test_ingest_and_ask PASSED                                                                     [ 25%]
tests/test_ingest_ask.py::test_embedding_dimension PASSED                                                                [ 50%]
tests/test_vector_index.py::test_vector_index_round_trip PASSED                                                          [ 75%]
tests/test_vector_index.py::test_database_updates_vector_index PASSED                                                    [100%]

======================================================= warnings summary =======================================================
<frozen importlib._bootstrap>:241
<frozen importlib._bootstrap>:241
  <frozen importlib._bootstrap>:241: DeprecationWarning: builtin type SwigPyPacked has no __module__ attribute

<frozen importlib._bootstrap>:241
<frozen importlib._bootstrap>:241
  <frozen importlib._bootstrap>:241: DeprecationWarning: builtin type SwigPyObject has no __module__ attribute

<frozen importlib._bootstrap>:241
  <frozen importlib._bootstrap>:241: DeprecationWarning: builtin type swigvarlink has no __module__ attribute

-- Docs: https://docs.pytest.org/en/stable/how-to/capture-warnings.html
================================================ 4 passed, 5 warnings in 7.32s =================================================
